gi|91978983|gb|DQ457111.1|	ENA|BX571856|BX571856.1	641	2900682	1	641	65175	65815	641	0.0	1090	590	97.35	1
gi|32435759|gb|AY254758.1|	ENA|BX571856|BX571856.1	813	2900682	1	810	65862	65053	810	0.0	1413	765	98.15	1
gi|32435751|gb|AY254754.1|	ENA|BX571856|BX571856.1	813	2900682	1	810	65862	65053	810	0.0	1391	753	97.65	1
gi|32435783|gb|AY254770.1|	ENA|BX571856|BX571856.1	1037	2900682	1	1037	64849	63813	1039	0.0	1700	920	96.25	1
gi|32435775|gb|AY254766.1|	ENA|BX571856|BX571856.1	1037	2900682	1	1037	64849	63813	1037	0.0	1910	1034	99.90	1
gi|32435773|gb|AY254765.1|	ENA|BX571856|BX571856.1	1037	2900682	1	1037	64849	63813	1037	0.0	1910	1034	99.90	1
gi|32435771|gb|AY254764.1|	ENA|BX571856|BX571856.1	1037	2900682	1	1037	64849	63813	1039	0.0	1700	920	96.25	1
gi|145448606|gb|EF190470.1|	ENA|BX571856|BX571856.1	464	2900682	1	461	64913	64453	461	0.0	 763	413	96.53	1
gi|91983608|gb|DQ459003.1|	ENA|BX571856|BX571856.1	619	2900682	1	619	64796	64178	619	0.0	1138	616	99.84	1
gi|32718555|gb|AY263348.1|	ENA|BX571856|BX571856.1	492	2900682	1	489	64485	63997	493	5e-152	 532	288	86.41	1
gi|37911941|gb|AY345249.1|	ENA|BX571856|BX571856.1	558	2900682	1	552	64533	63982	556	3e-170	 593	321	86.15	1
gi|154885|gb|M18437.1|TRN4311	ENA|BX571856|BX571856.1	841	2900682	29	821	37134	36341	795	0.0	1415	766	98.87	1
gi|154885|gb|M18437.1|TRN4311	ENA|BX571856|BX571856.1	841	2900682	14	817	42494	41690	807	0.0	1413	765	98.39	1
gi|154885|gb|M18437.1|TRN4311	ENA|BX571856|BX571856.1	841	2900682	30	760	734390	735122	736	0.0	 771	417	85.73	1
gi|154885|gb|M18437.1|TRN4311	ENA|BX571856|BX571856.1	841	2900682	26	760	763639	764374	740	0.0	 771	417	85.68	1
lcl|AH003349.1_cds_AAA88670.1_1	ENA|BX571856|BX571856.1	675	2900682	1	675	37077	36403	675	0.0	1225	663	99.41	1
lcl|AH003349.1_cds_AAA88670.1_1	ENA|BX571856|BX571856.1	675	2900682	1	675	42423	41749	675	0.0	1225	663	99.41	1
lcl|AH003349.1_cds_AAA88670.1_1	ENA|BX571856|BX571856.1	675	2900682	1	675	734448	735122	676	0.0	 749	405	86.69	1
lcl|AH003349.1_cds_AAA88670.1_1	ENA|BX571856|BX571856.1	675	2900682	1	675	763700	764374	676	0.0	 749	405	86.69	1
gi|1022724|gb|U35635.1|SHU35635	ENA|BX571856|BX571856.1	2198	2900682	265	2194	743758	741818	1983	0.0	1646	891	82.45	1
gi|1022724|gb|U35635.1|SHU35635	ENA|BX571856|BX571856.1	2198	2900682	265	2196	2543720	2545662	1985	0.0	1644	890	82.42	1
gi|1022724|gb|U35635.1|SHU35635	ENA|BX571856|BX571856.1	2198	2900682	265	2195	1431418	1433359	1983	0.0	1637	886	82.35	1
gi|1022724|gb|U35635.1|SHU35635	ENA|BX571856|BX571856.1	2198	2900682	265	2194	1184361	1182421	1983	0.0	1635	885	82.35	1
gi|1022724|gb|U35635.1|SHU35635	ENA|BX571856|BX571856.1	2198	2900682	265	2194	2325350	2327290	1982	0.0	1635	885	82.34	1
gi|1022724|gb|U35635.1|SHU35635	ENA|BX571856|BX571856.1	2198	2900682	265	2195	2119962	2121903	1984	0.0	1631	883	82.31	1
gi|1022724|gb|U35635.1|SHU35635	ENA|BX571856|BX571856.1	2198	2900682	265	2194	2305698	2303757	1984	0.0	1615	874	82.16	1
gi|1022724|gb|U35635.1|SHU35635	ENA|BX571856|BX571856.1	2198	2900682	265	2198	975258	973313	1988	0.0	1605	869	82.04	1
gi|1022724|gb|U35635.1|SHU35635	ENA|BX571856|BX571856.1	2198	2900682	265	2128	1007771	1005902	1908	0.0	1570	850	82.23	1
gi|1022724|gb|U35635.1|SHU35635	ENA|BX571856|BX571856.1	2198	2900682	257	2076	758421	760242	1858	0.0	1563	846	82.51	1
gi|1022724|gb|U35635.1|SHU35635	ENA|BX571856|BX571856.1	2198	2900682	716	2193	734390	732904	1516	0.0	1208	654	81.79	1
gi|1022724|gb|U35635.1|SHU35635	ENA|BX571856|BX571856.1	2198	2900682	265	724	764896	764435	474	9e-121	 431	233	83.97	1
gi|1022724|gb|U35635.1|SHU35635	ENA|BX571856|BX571856.1	2198	2900682	1729	1970	2509165	2509406	244	2e-67	 254	137	85.66	1
gi|1022724|gb|U35635.1|SHU35635	ENA|BX571856|BX571856.1	2198	2900682	267	505	2245148	2245388	248	1e-59	 228	123	84.27	1
gi|441494908|gb|KC243783.1|	ENA|BX571856|BX571856.1	2129	2900682	1	2129	46925	44797	2129	0.0	3921	2123	99.91	1
gi|345523013|gb|JF946500.1|	ENA|BX571856|BX571856.1	387	2900682	1	387	48767	49153	387	0.0	 710	384	99.74	1
gi|345523015|gb|JF946501.1|	ENA|BX571856|BX571856.1	387	2900682	1	387	48767	49153	387	0.0	 704	381	99.48	1
gi|93359428|gb|DQ471930.1|	ENA|BX571856|BX571856.1	372	2900682	1	372	48782	49153	372	0.0	 676	366	99.46	1
gi|7672711|gb|AF142100.1|AF142100	ENA|BX571856|BX571856.1	652	2900682	113	652	47288	47827	540	0.0	 992	537	99.81	1
gi|7672711|gb|AF142100.1|AF142100	ENA|BX571856|BX571856.1	652	2900682	1	112	47010	47121	112	5e-54	 207	112	100.00	1
