qseqid	F13	F14	F15	F16	F17	F18	F19	F20	FGXCONTROL	M1	M10	M11	M12	M2	M25	M3	M4	M5	M6	M7	M9	WW21	WW22	WW23	WW24
contig_1047	NA	147	143	NA	152	NA	119	169	NA	130	145	NA	NA	152	147	NA	161	152	130	119	152	NA	NA	130	134
contig_11498	158	156	161	NA	158	NA	158	NA	NA	152	156	158	NA	161	158	158	158	156	158	NA	158	158	158	163	156
contig_13487	167	169	169	NA	NA	NA	169	169	NA	154	NA	158	NA	158	158	169	158	158	152	169	169	169	NA	169	NA
contig_13581	163	NA	169	NA	NA	NA	169	169	NA	169	NA	NA	NA	169	169	169	NA	169	169	169	NA	169	169	169	169
contig_14809	156	NA	161	NA	NA	NA	161	161	NA	161	NA	NA	NA	161	161	161	NA	161	161	161	NA	161	161	161	161
contig_2806	NA	150	150	NA	NA	NA	145	156	NA	148	150	NA	NA	150	156	152	154	156	150	150	NA	NA	NA	NA	NA
contig_3118	161	161	NA	NA	NA	NA	148	161	NA	161	NA	161	163	161	147	148	NA	161	161	148	NA	NA	NA	NA	NA
contig_4675	148	147	NA	NA	148	NA	147	NA	NA	NA	134	148	148	148	154	NA	137	147	148	148	148	NA	NA	NA	NA
contig_7412	143	145	145	NA	NA	NA	145	145	NA	154	NA	156	NA	156	156	145	156	156	161	145	145	145	NA	145	NA
contig_7862	135	135	135	NA	135	NA	135	135	NA	NA	NA	135	NA	145	135	132	135	139	145	141	135	135	135	135	124
contig_8611	141	143	156	NA	NA	NA	145	NA	NA	145	139	NA	NA	156	141	145	152	156	161	141	NA	NA	NA	NA	NA
contig_16028	NA	130	NA	NA	NA	NA	NA	NA	NA	135	NA	NA	NA	NA	NA	NA	134	NA	141	NA	NA	145	NA	158	156
contig_3138	141	NA	NA	NA	NA	NA	139	NA	NA	158	141	122	NA	97.1	NA	NA	106	NA	134	141	113	NA	NA	NA	NA
contig_23066	139	NA	NA	NA	NA	NA	169	NA	NA	NA	NA	NA	NA	NA	NA	NA	NA	NA	NA	169	NA	NA	169	167	169
contig_35946	134	NA	NA	NA	NA	NA	161	NA	NA	NA	NA	NA	NA	NA	NA	NA	NA	NA	NA	161	NA	NA	161	159	161
contig_15452	169	169	NA	NA	NA	NA	NA	169	NA	NA	NA	NA	NA	NA	NA	169	NA	NA	NA	NA	NA	169	167	163	169
contig_1674	NA	NA	NA	NA	NA	NA	NA	169	NA	NA	NA	NA	NA	NA	NA	NA	NA	NA	NA	NA	NA	169	169	169	169
contig_20082	NA	NA	NA	NA	NA	NA	NA	111	NA	87.9	121	NA	NA	126	NA	NA	NA	NA	NA	NA	128	128	99	NA	NA
contig_22249	171	NA	NA	NA	NA	NA	NA	165	NA	NA	NA	NA	NA	NA	NA	NA	NA	NA	NA	NA	NA	NA	171	167	169
contig_39036	161	161	NA	NA	NA	NA	NA	161	NA	NA	NA	NA	NA	NA	NA	161	NA	NA	NA	NA	NA	161	159	156	161
contig_5966	NA	150	167	NA	NA	NA	NA	159	NA	NA	NA	NA	NA	NA	NA	NA	NA	NA	NA	NA	NA	167	NA	167	167
contig_9081	NA	148	169	NA	NA	NA	NA	163	NA	NA	NA	NA	NA	NA	NA	NA	NA	NA	NA	NA	NA	169	NA	169	169
contig_23075	NA	NA	NA	NA	NA	NA	NA	NA	NA	NA	NA	NA	NA	111	NA	NA	NA	NA	115	NA	NA	84.2	NA	76.8	NA
contig_14885	NA	NA	NA	NA	NA	NA	NA	NA	NA	NA	NA	NA	165	NA	NA	NA	NA	NA	NA	NA	NA	165	NA	139	137
contig_36353	NA	NA	NA	NA	NA	NA	NA	NA	NA	NA	NA	NA	161	NA	NA	NA	NA	NA	NA	NA	NA	161	NA	139	137
contig_11872	169	NA	NA	NA	NA	NA	NA	NA	NA	NA	NA	NA	NA	NA	NA	NA	NA	NA	NA	NA	NA	163	169	163	161
contig_14553	NA	NA	NA	NA	NA	NA	NA	NA	NA	NA	NA	NA	NA	NA	NA	NA	NA	NA	NA	NA	NA	169	169	169	167
contig_16065	NA	NA	NA	NA	NA	NA	NA	NA	NA	NA	NA	NA	NA	NA	NA	NA	NA	NA	NA	NA	NA	169	NA	167	172
contig_16548	169	NA	NA	NA	NA	NA	NA	NA	NA	NA	NA	NA	NA	NA	NA	NA	NA	NA	NA	NA	NA	169	NA	169	169
contig_4005	NA	169	NA	NA	169	NA	NA	NA	NA	NA	NA	NA	NA	NA	NA	NA	NA	NA	NA	NA	NA	169	150	167	NA
contig_4109	158	NA	158	NA	NA	NA	NA	NA	NA	NA	NA	NA	NA	NA	NA	NA	NA	NA	NA	NA	NA	158	NA	159	163
contig_21496	NA	NA	NA	NA	NA	NA	NA	NA	NA	NA	NA	NA	NA	NA	NA	NA	NA	NA	NA	NA	NA	NA	159	137	137
contig_21502	NA	NA	NA	NA	NA	NA	NA	NA	NA	NA	NA	NA	NA	NA	NA	NA	NA	NA	NA	NA	NA	NA	163	169	169
contig_21523	NA	NA	NA	NA	NA	NA	NA	NA	NA	NA	NA	NA	NA	NA	NA	NA	NA	NA	NA	NA	NA	NA	165	165	163
contig_22712	NA	NA	NA	NA	NA	NA	NA	NA	NA	NA	NA	NA	NA	NA	NA	NA	NA	NA	NA	NA	NA	NA	169	169	169
contig_22747	NA	NA	NA	NA	NA	NA	NA	NA	NA	NA	NA	NA	NA	NA	NA	NA	NA	NA	NA	NA	NA	NA	169	163	163
contig_22758	NA	NA	NA	NA	NA	NA	NA	NA	NA	NA	NA	NA	NA	NA	NA	NA	NA	NA	NA	NA	NA	NA	169	169	169
contig_23768	NA	NA	NA	NA	NA	NA	NA	NA	NA	NA	NA	NA	NA	NA	NA	NA	NA	NA	NA	NA	NA	NA	169	169	169
